[2026-03-25T13:36:24.581401] 
[INIT] Current working directory: C:\Users\Usuario Normal\Documents\activoseq
[2026-03-25T13:36:24.590159] [INIT] load_dotenv returned: True
[2026-03-25T13:36:24.604095] [INIT] SUPABASE_URL from env: https://rdrqizmgcwvvrznjhrkw.supabase.co
[2026-03-25T13:36:24.612320] [INIT] SUPABASE_KEY from env: eyJhbGciOiJIUzI1NiIsInR5cCI6IkpXVCJ9.eyJpc3MiOiJzd...
[2026-03-25T13:36:24.618425] [INIT] SUPABASE_SECRET_KEY from env: eyJhbGciOiJIUzI1NiIsInR5cCI6IkpXVCJ9.eyJpc3MiOiJzd...
[2026-03-25T13:36:26.490749] 
[INIT] Current working directory: C:\Users\Usuario Normal\Documents\activoseq
[2026-03-25T13:36:26.506293] [INIT] load_dotenv returned: True
[2026-03-25T13:36:26.523971] [INIT] SUPABASE_URL from env: https://rdrqizmgcwvvrznjhrkw.supabase.co
[2026-03-25T13:36:26.542735] [INIT] SUPABASE_KEY from env: eyJhbGciOiJIUzI1NiIsInR5cCI6IkpXVCJ9.eyJpc3MiOiJzd...
[2026-03-25T13:36:26.555178] [INIT] SUPABASE_SECRET_KEY from env: eyJhbGciOiJIUzI1NiIsInR5cCI6IkpXVCJ9.eyJpc3MiOiJzd...
[2026-03-25T13:44:10.057214] 
[INIT] Current working directory: C:\Users\Usuario Normal\Documents\activoseq
[2026-03-25T13:44:10.069141] [INIT] load_dotenv returned: True
[2026-03-25T13:44:10.080628] [INIT] SUPABASE_URL from env: https://rdrqizmgcwvvrznjhrkw.supabase.co
[2026-03-25T13:44:10.085878] [INIT] SUPABASE_KEY from env: eyJhbGciOiJIUzI1NiIsInR5cCI6IkpXVCJ9.eyJpc3MiOiJzd...
[2026-03-25T13:44:10.092266] [INIT] SUPABASE_SECRET_KEY from env: eyJhbGciOiJIUzI1NiIsInR5cCI6IkpXVCJ9.eyJpc3MiOiJzd...
[2026-03-25T13:44:15.671675] 
[INIT] Current working directory: C:\Users\Usuario Normal\Documents\activoseq
[2026-03-25T13:44:15.680507] [INIT] load_dotenv returned: True
[2026-03-25T13:44:15.691354] [INIT] SUPABASE_URL from env: https://rdrqizmgcwvvrznjhrkw.supabase.co
[2026-03-25T13:44:15.703553] [INIT] SUPABASE_KEY from env: eyJhbGciOiJIUzI1NiIsInR5cCI6IkpXVCJ9.eyJpc3MiOiJzd...
[2026-03-25T13:44:15.718354] [INIT] SUPABASE_SECRET_KEY from env: eyJhbGciOiJIUzI1NiIsInR5cCI6IkpXVCJ9.eyJpc3MiOiJzd...
[2026-03-25T13:44:25.806220] 
[INIT] Current working directory: C:\Users\Usuario Normal\Documents\activoseq
[2026-03-25T13:44:25.815592] [INIT] load_dotenv returned: True
[2026-03-25T13:44:25.821054] [INIT] SUPABASE_URL from env: https://rdrqizmgcwvvrznjhrkw.supabase.co
[2026-03-25T13:44:25.825690] [INIT] SUPABASE_KEY from env: eyJhbGciOiJIUzI1NiIsInR5cCI6IkpXVCJ9.eyJpc3MiOiJzd...
[2026-03-25T13:44:25.833302] [INIT] SUPABASE_SECRET_KEY from env: eyJhbGciOiJIUzI1NiIsInR5cCI6IkpXVCJ9.eyJpc3MiOiJzd...
[2026-03-25T13:44:30.090731] 
[INIT] Current working directory: C:\Users\Usuario Normal\Documents\activoseq
[2026-03-25T13:44:30.100720] [INIT] load_dotenv returned: True
[2026-03-25T13:44:30.105573] [INIT] SUPABASE_URL from env: https://rdrqizmgcwvvrznjhrkw.supabase.co
[2026-03-25T13:44:30.110432] [INIT] SUPABASE_KEY from env: eyJhbGciOiJIUzI1NiIsInR5cCI6IkpXVCJ9.eyJpc3MiOiJzd...
[2026-03-25T13:44:30.122887] [INIT] SUPABASE_SECRET_KEY from env: eyJhbGciOiJIUzI1NiIsInR5cCI6IkpXVCJ9.eyJpc3MiOiJzd...
